<?xml version="1.0" encoding="utf-8"?>
<coverage line-rate="0.42719999999999997" branch-rate="0.1388" version="1.9" timestamp="1752260428" lines-covered="141" lines-valid="330" branches-covered="10" branches-valid="72">
  <sources>
    <source>F:\MAIN PROJECT\backend-audio-interviewer\AudioInterviewer.API\</source>
  </sources>
  <packages>
    <package name="AudioInterviewer.API" line-rate="0.42719999999999997" branch-rate="0.1388" complexity="116">
      <classes>
        <class name="Program" filename="Program.cs" line-rate="0" branch-rate="0" complexity="2">
          <methods>
            <method name="&lt;Main&gt;$" signature="(System.String[])" line-rate="0" branch-rate="0" complexity="2">
              <lines>
                <line number="8" hits="0" branch="False" />
                <line number="11" hits="0" branch="False" />
                <line number="12" hits="0" branch="False" />
                <line number="15" hits="0" branch="False" />
                <line number="16" hits="0" branch="False" />
                <line number="17" hits="0" branch="False" />
                <line number="18" hits="0" branch="False" />
                <line number="19" hits="0" branch="False" />
                <line number="21" hits="0" branch="False" />
                <line number="22" hits="0" branch="False" />
                <line number="23" hits="0" branch="False" />
                <line number="24" hits="0" branch="False" />
                <line number="25" hits="0" branch="False" />
                <line number="26" hits="0" branch="False" />
                <line number="27" hits="0" branch="False" />
                <line number="28" hits="0" branch="False" />
                <line number="29" hits="0" branch="False" />
                <line number="30" hits="0" branch="False" />
                <line number="31" hits="0" branch="False" />
                <line number="32" hits="0" branch="False" />
                <line number="33" hits="0" branch="False" />
                <line number="34" hits="0" branch="False" />
                <line number="35" hits="0" branch="False" />
                <line number="36" hits="0" branch="False" />
                <line number="39" hits="0" branch="False" />
                <line number="40" hits="0" branch="False" />
                <line number="41" hits="0" branch="False" />
                <line number="42" hits="0" branch="False" />
                <line number="43" hits="0" branch="False" />
                <line number="44" hits="0" branch="False" />
                <line number="45" hits="0" branch="False" />
                <line number="48" hits="0" branch="False" />
                <line number="51" hits="0" branch="True" condition-coverage="0% (0/2)">
                  <conditions>
                    <condition number="213" type="jump" coverage="0%" />
                  </conditions>
                </line>
                <line number="52" hits="0" branch="False" />
                <line number="53" hits="0" branch="False" />
                <line number="54" hits="0" branch="False" />
                <line number="55" hits="0" branch="False" />
                <line number="56" hits="0" branch="False" />
                <line number="57" hits="0" branch="False" />
                <line number="58" hits="0" branch="False" />
                <line number="59" hits="0" branch="False" />
                <line number="62" hits="0" branch="False" />
                <line number="63" hits="0" branch="False" />
                <line number="65" hits="0" branch="False" />
                <line number="66" hits="0" branch="False" />
                <line number="67" hits="0" branch="False" />
                <line number="68" hits="0" branch="False" />
                <line number="71" hits="0" branch="False" />
                <line number="72" hits="0" branch="False" />
                <line number="73" hits="0" branch="False" />
                <line number="74" hits="0" branch="False" />
                <line number="77" hits="0" branch="False" />
              </lines>
            </method>
          </methods>
          <lines>
            <line number="8" hits="0" branch="False" />
            <line number="11" hits="0" branch="False" />
            <line number="12" hits="0" branch="False" />
            <line number="15" hits="0" branch="False" />
            <line number="16" hits="0" branch="False" />
            <line number="17" hits="0" branch="False" />
            <line number="18" hits="0" branch="False" />
            <line number="19" hits="0" branch="False" />
            <line number="21" hits="0" branch="False" />
            <line number="22" hits="0" branch="False" />
            <line number="23" hits="0" branch="False" />
            <line number="24" hits="0" branch="False" />
            <line number="25" hits="0" branch="False" />
            <line number="26" hits="0" branch="False" />
            <line number="27" hits="0" branch="False" />
            <line number="28" hits="0" branch="False" />
            <line number="29" hits="0" branch="False" />
            <line number="30" hits="0" branch="False" />
            <line number="31" hits="0" branch="False" />
            <line number="32" hits="0" branch="False" />
            <line number="33" hits="0" branch="False" />
            <line number="34" hits="0" branch="False" />
            <line number="35" hits="0" branch="False" />
            <line number="36" hits="0" branch="False" />
            <line number="39" hits="0" branch="False" />
            <line number="40" hits="0" branch="False" />
            <line number="41" hits="0" branch="False" />
            <line number="42" hits="0" branch="False" />
            <line number="43" hits="0" branch="False" />
            <line number="44" hits="0" branch="False" />
            <line number="45" hits="0" branch="False" />
            <line number="48" hits="0" branch="False" />
            <line number="51" hits="0" branch="True" condition-coverage="0% (0/2)">
              <conditions>
                <condition number="213" type="jump" coverage="0%" />
              </conditions>
            </line>
            <line number="52" hits="0" branch="False" />
            <line number="53" hits="0" branch="False" />
            <line number="54" hits="0" branch="False" />
            <line number="55" hits="0" branch="False" />
            <line number="56" hits="0" branch="False" />
            <line number="57" hits="0" branch="False" />
            <line number="58" hits="0" branch="False" />
            <line number="59" hits="0" branch="False" />
            <line number="62" hits="0" branch="False" />
            <line number="63" hits="0" branch="False" />
            <line number="65" hits="0" branch="False" />
            <line number="66" hits="0" branch="False" />
            <line number="67" hits="0" branch="False" />
            <line number="68" hits="0" branch="False" />
            <line number="71" hits="0" branch="False" />
            <line number="72" hits="0" branch="False" />
            <line number="73" hits="0" branch="False" />
            <line number="74" hits="0" branch="False" />
            <line number="77" hits="0" branch="False" />
          </lines>
        </class>
        <class name="AudioInterviewer.API.Services.InterviewService" filename="Services\InterviewService.cs" line-rate="0.7826000000000001" branch-rate="0.1" complexity="14">
          <methods>
            <method name="SubmitAnswer" signature="(AudioInterviewer.API.Models.AnswerDto)" line-rate="0.9545" branch-rate="0.5" complexity="2">
              <lines>
                <line number="81" hits="1" branch="False" />
                <line number="82" hits="1" branch="True" condition-coverage="50% (1/2)">
                  <conditions>
                    <condition number="37" type="jump" coverage="50%" />
                  </conditions>
                </line>
                <line number="83" hits="0" branch="False" />
                <line number="85" hits="1" branch="False" />
                <line number="86" hits="1" branch="False" />
                <line number="89" hits="1" branch="False" />
                <line number="90" hits="1" branch="False" />
                <line number="91" hits="1" branch="False" />
                <line number="92" hits="1" branch="False" />
                <line number="94" hits="1" branch="False" />
                <line number="96" hits="1" branch="False" />
                <line number="97" hits="1" branch="False" />
                <line number="98" hits="1" branch="False" />
                <line number="99" hits="1" branch="False" />
                <line number="100" hits="1" branch="False" />
                <line number="101" hits="1" branch="False" />
                <line number="103" hits="1" branch="False" />
                <line number="104" hits="1" branch="False" />
                <line number="106" hits="1" branch="False" />
                <line number="107" hits="1" branch="False" />
                <line number="109" hits="1" branch="False" />
                <line number="110" hits="1" branch="False" />
              </lines>
            </method>
            <method name="GetQuestions" signature="()" line-rate="1" branch-rate="1" complexity="1">
              <lines>
                <line number="112" hits="1" branch="False" />
              </lines>
            </method>
            <method name="get_CurrentIndex" signature="()" line-rate="1" branch-rate="1" complexity="1">
              <lines>
                <line number="113" hits="2" branch="False" />
              </lines>
            </method>
            <method name="GetCompletionSummary" signature="()" line-rate="1" branch-rate="1" complexity="1">
              <lines>
                <line number="115" hits="1" branch="False" />
                <line number="116" hits="1" branch="False" />
                <line number="117" hits="1" branch="False" />
                <line number="118" hits="1" branch="False" />
                <line number="119" hits="1" branch="False" />
                <line number="120" hits="1" branch="False" />
              </lines>
            </method>
            <method name="&lt;GenerateReportAsync&gt;b__13_2" signature="(AudioInterviewer.API.Models.Question)" line-rate="0" branch-rate="0" complexity="8">
              <lines>
                <line number="138" hits="0" branch="False" />
                <line number="139" hits="0" branch="False" />
                <line number="140" hits="0" branch="True" condition-coverage="0% (0/8)">
                  <conditions>
                    <condition number="55" type="jump" coverage="0%" />
                    <condition number="67" type="jump" coverage="0%" />
                    <condition number="76" type="jump" coverage="0%" />
                    <condition number="88" type="jump" coverage="0%" />
                  </conditions>
                </line>
                <line number="141" hits="0" branch="False" />
                <line number="142" hits="0" branch="False" />
                <line number="143" hits="0" branch="False" />
                <line number="144" hits="0" branch="False" />
                <line number="145" hits="0" branch="False" />
                <line number="146" hits="0" branch="False" />
              </lines>
            </method>
            <method name=".ctor" signature="(AudioInterviewer.API.Data.MongoDbContext,AudioInterviewer.API.Services.External.IApiClient,System.Net.Http.IHttpClientFactory)" line-rate="1" branch-rate="1" complexity="1">
              <lines>
                <line number="19" hits="4" branch="False" />
                <line number="21" hits="4" branch="False" />
                <line number="22" hits="4" branch="False" />
                <line number="23" hits="4" branch="False" />
                <line number="24" hits="4" branch="False" />
                <line number="25" hits="4" branch="False" />
                <line number="26" hits="4" branch="False" />
              </lines>
            </method>
          </methods>
          <lines>
            <line number="81" hits="1" branch="False" />
            <line number="82" hits="1" branch="True" condition-coverage="50% (1/2)">
              <conditions>
                <condition number="37" type="jump" coverage="50%" />
              </conditions>
            </line>
            <line number="83" hits="0" branch="False" />
            <line number="85" hits="1" branch="False" />
            <line number="86" hits="1" branch="False" />
            <line number="89" hits="1" branch="False" />
            <line number="90" hits="1" branch="False" />
            <line number="91" hits="1" branch="False" />
            <line number="92" hits="1" branch="False" />
            <line number="94" hits="1" branch="False" />
            <line number="96" hits="1" branch="False" />
            <line number="97" hits="1" branch="False" />
            <line number="98" hits="1" branch="False" />
            <line number="99" hits="1" branch="False" />
            <line number="100" hits="1" branch="False" />
            <line number="101" hits="1" branch="False" />
            <line number="103" hits="1" branch="False" />
            <line number="104" hits="1" branch="False" />
            <line number="106" hits="1" branch="False" />
            <line number="107" hits="1" branch="False" />
            <line number="109" hits="1" branch="False" />
            <line number="110" hits="1" branch="False" />
            <line number="112" hits="1" branch="False" />
            <line number="113" hits="2" branch="False" />
            <line number="115" hits="1" branch="False" />
            <line number="116" hits="1" branch="False" />
            <line number="117" hits="1" branch="False" />
            <line number="118" hits="1" branch="False" />
            <line number="119" hits="1" branch="False" />
            <line number="120" hits="1" branch="False" />
            <line number="138" hits="0" branch="False" />
            <line number="139" hits="0" branch="False" />
            <line number="140" hits="0" branch="True" condition-coverage="0% (0/8)">
              <conditions>
                <condition number="55" type="jump" coverage="0%" />
                <condition number="67" type="jump" coverage="0%" />
                <condition number="76" type="jump" coverage="0%" />
                <condition number="88" type="jump" coverage="0%" />
              </conditions>
            </line>
            <line number="141" hits="0" branch="False" />
            <line number="142" hits="0" branch="False" />
            <line number="143" hits="0" branch="False" />
            <line number="144" hits="0" branch="False" />
            <line number="145" hits="0" branch="False" />
            <line number="146" hits="0" branch="False" />
            <line number="19" hits="4" branch="False" />
            <line number="21" hits="4" branch="False" />
            <line number="22" hits="4" branch="False" />
            <line number="23" hits="4" branch="False" />
            <line number="24" hits="4" branch="False" />
            <line number="25" hits="4" branch="False" />
            <line number="26" hits="4" branch="False" />
          </lines>
        </class>
        <class name="AudioInterviewer.API.Services.InterviewService/&lt;&gt;c" filename="Services\InterviewService.cs" line-rate="0" branch-rate="0" complexity="11">
          <methods>
            <method name="&lt;GenerateReportAsync&gt;b__13_0" signature="(AudioInterviewer.API.Models.Question)" line-rate="0" branch-rate="1" complexity="1">
              <lines>
                <line number="127" hits="0" branch="False" />
              </lines>
            </method>
            <method name="&lt;GenerateReportAsync&gt;b__13_1" signature="(AudioInterviewer.API.Models.Answer)" line-rate="0" branch-rate="0" complexity="2">
              <lines>
                <line number="128" hits="0" branch="True" condition-coverage="0% (0/2)">
                  <conditions>
                    <condition number="7" type="jump" coverage="0%" />
                  </conditions>
                </line>
              </lines>
            </method>
            <method name="&lt;GenerateReportAsync&gt;b__13_5" signature="(System.Text.Json.JsonElement)" line-rate="0" branch-rate="0" complexity="2">
              <lines>
                <line number="153" hits="0" branch="True" condition-coverage="0% (0/2)">
                  <conditions>
                    <condition number="8" type="jump" coverage="0%" />
                  </conditions>
                </line>
              </lines>
            </method>
            <method name="&lt;GenerateReportAsync&gt;b__13_6" signature="(System.Text.Json.JsonElement)" line-rate="0" branch-rate="0" complexity="2">
              <lines>
                <line number="154" hits="0" branch="True" condition-coverage="0% (0/2)">
                  <conditions>
                    <condition number="8" type="jump" coverage="0%" />
                  </conditions>
                </line>
              </lines>
            </method>
            <method name="&lt;GenerateReportAsync&gt;b__13_7" signature="(System.Text.Json.JsonElement)" line-rate="0" branch-rate="0" complexity="2">
              <lines>
                <line number="155" hits="0" branch="True" condition-coverage="0% (0/2)">
                  <conditions>
                    <condition number="8" type="jump" coverage="0%" />
                  </conditions>
                </line>
              </lines>
            </method>
            <method name="&lt;GenerateReportAsync&gt;b__13_3" signature="(System.Text.Json.JsonElement)" line-rate="0" branch-rate="0" complexity="2">
              <lines>
                <line number="165" hits="0" branch="True" condition-coverage="0% (0/2)">
                  <conditions>
                    <condition number="8" type="jump" coverage="0%" />
                  </conditions>
                </line>
              </lines>
            </method>
          </methods>
          <lines>
            <line number="127" hits="0" branch="False" />
            <line number="128" hits="0" branch="True" condition-coverage="0% (0/2)">
              <conditions>
                <condition number="7" type="jump" coverage="0%" />
              </conditions>
            </line>
            <line number="153" hits="0" branch="True" condition-coverage="0% (0/2)">
              <conditions>
                <condition number="8" type="jump" coverage="0%" />
              </conditions>
            </line>
            <line number="154" hits="0" branch="True" condition-coverage="0% (0/2)">
              <conditions>
                <condition number="8" type="jump" coverage="0%" />
              </conditions>
            </line>
            <line number="155" hits="0" branch="True" condition-coverage="0% (0/2)">
              <conditions>
                <condition number="8" type="jump" coverage="0%" />
              </conditions>
            </line>
            <line number="165" hits="0" branch="True" condition-coverage="0% (0/2)">
              <conditions>
                <condition number="8" type="jump" coverage="0%" />
              </conditions>
            </line>
          </lines>
        </class>
        <class name="AudioInterviewer.API.Services.InterviewService/&lt;GenerateReportAsync&gt;d__13" filename="Services\InterviewService.cs" line-rate="0" branch-rate="0" complexity="10">
          <methods>
            <method name="MoveNext" signature="()" line-rate="0" branch-rate="0" complexity="10">
              <lines>
                <line number="123" hits="0" branch="False" />
                <line number="124" hits="0" branch="True" condition-coverage="0% (0/2)">
                  <conditions>
                    <condition number="47" type="jump" coverage="0%" />
                  </conditions>
                </line>
                <line number="125" hits="0" branch="False" />
                <line number="126" hits="0" branch="False" />
                <line number="129" hits="0" branch="False" />
                <line number="131" hits="0" branch="False" />
                <line number="132" hits="0" branch="True" condition-coverage="0% (0/2)">
                  <conditions>
                    <condition number="349" type="jump" coverage="0%" />
                  </conditions>
                </line>
                <line number="133" hits="0" branch="False" />
                <line number="135" hits="0" branch="False" />
                <line number="137" hits="0" branch="False" />
                <line number="148" hits="0" branch="True" condition-coverage="0% (0/4)">
                  <conditions>
                    <condition number="583" type="jump" coverage="0%" />
                    <condition number="615" type="jump" coverage="0%" />
                  </conditions>
                </line>
                <line number="149" hits="0" branch="False" />
                <line number="150" hits="0" branch="False" />
                <line number="151" hits="0" branch="False" />
                <line number="152" hits="0" branch="False" />
                <line number="156" hits="0" branch="False" />
                <line number="157" hits="0" branch="False" />
                <line number="159" hits="0" branch="False" />
                <line number="161" hits="0" branch="True" condition-coverage="0% (0/2)">
                  <conditions>
                    <condition number="987" type="jump" coverage="0%" />
                  </conditions>
                </line>
                <line number="162" hits="0" branch="False" />
                <line number="163" hits="0" branch="False" />
                <line number="164" hits="0" branch="False" />
                <line number="166" hits="0" branch="False" />
                <line number="167" hits="0" branch="False" />
                <line number="168" hits="0" branch="False" />
                <line number="169" hits="0" branch="False" />
                <line number="170" hits="0" branch="False" />
                <line number="171" hits="0" branch="False" />
              </lines>
            </method>
          </methods>
          <lines>
            <line number="123" hits="0" branch="False" />
            <line number="124" hits="0" branch="True" condition-coverage="0% (0/2)">
              <conditions>
                <condition number="47" type="jump" coverage="0%" />
              </conditions>
            </line>
            <line number="125" hits="0" branch="False" />
            <line number="126" hits="0" branch="False" />
            <line number="129" hits="0" branch="False" />
            <line number="131" hits="0" branch="False" />
            <line number="132" hits="0" branch="True" condition-coverage="0% (0/2)">
              <conditions>
                <condition number="349" type="jump" coverage="0%" />
              </conditions>
            </line>
            <line number="133" hits="0" branch="False" />
            <line number="135" hits="0" branch="False" />
            <line number="137" hits="0" branch="False" />
            <line number="148" hits="0" branch="True" condition-coverage="0% (0/4)">
              <conditions>
                <condition number="583" type="jump" coverage="0%" />
                <condition number="615" type="jump" coverage="0%" />
              </conditions>
            </line>
            <line number="149" hits="0" branch="False" />
            <line number="150" hits="0" branch="False" />
            <line number="151" hits="0" branch="False" />
            <line number="152" hits="0" branch="False" />
            <line number="156" hits="0" branch="False" />
            <line number="157" hits="0" branch="False" />
            <line number="159" hits="0" branch="False" />
            <line number="161" hits="0" branch="True" condition-coverage="0% (0/2)">
              <conditions>
                <condition number="987" type="jump" coverage="0%" />
              </conditions>
            </line>
            <line number="162" hits="0" branch="False" />
            <line number="163" hits="0" branch="False" />
            <line number="164" hits="0" branch="False" />
            <line number="166" hits="0" branch="False" />
            <line number="167" hits="0" branch="False" />
            <line number="168" hits="0" branch="False" />
            <line number="169" hits="0" branch="False" />
            <line number="170" hits="0" branch="False" />
            <line number="171" hits="0" branch="False" />
          </lines>
        </class>
        <class name="AudioInterviewer.API.Services.InterviewService/&lt;GetNextQuestionAsync&gt;d__7" filename="Services\InterviewService.cs" line-rate="0.1818" branch-rate="0.1" complexity="10">
          <methods>
            <method name="MoveNext" signature="()" line-rate="0.1818" branch-rate="0.1" complexity="10">
              <lines>
                <line number="49" hits="1" branch="False" />
                <line number="50" hits="1" branch="True" condition-coverage="50% (1/2)">
                  <conditions>
                    <condition number="39" type="jump" coverage="50%" />
                  </conditions>
                </line>
                <line number="51" hits="1" branch="False" />
                <line number="53" hits="0" branch="True" condition-coverage="0% (0/2)">
                  <conditions>
                    <condition number="103" type="jump" coverage="0%" />
                  </conditions>
                </line>
                <line number="54" hits="0" branch="False" />
                <line number="56" hits="0" branch="True" condition-coverage="0% (0/2)">
                  <conditions>
                    <condition number="158" type="jump" coverage="0%" />
                  </conditions>
                </line>
                <line number="57" hits="0" branch="False" />
                <line number="58" hits="0" branch="False" />
                <line number="59" hits="0" branch="True" condition-coverage="0% (0/2)">
                  <conditions>
                    <condition number="241" type="jump" coverage="0%" />
                  </conditions>
                </line>
                <line number="60" hits="0" branch="False" />
                <line number="61" hits="0" branch="False" />
                <line number="62" hits="0" branch="False" />
                <line number="63" hits="0" branch="False" />
                <line number="65" hits="0" branch="True" condition-coverage="0% (0/2)">
                  <conditions>
                    <condition number="390" type="jump" coverage="0%" />
                  </conditions>
                </line>
                <line number="66" hits="0" branch="False" />
                <line number="67" hits="0" branch="False" />
                <line number="69" hits="0" branch="False" />
                <line number="70" hits="0" branch="False" />
                <line number="71" hits="0" branch="False" />
                <line number="74" hits="0" branch="False" />
                <line number="77" hits="0" branch="False" />
                <line number="78" hits="1" branch="False" />
              </lines>
            </method>
          </methods>
          <lines>
            <line number="49" hits="1" branch="False" />
            <line number="50" hits="1" branch="True" condition-coverage="50% (1/2)">
              <conditions>
                <condition number="39" type="jump" coverage="50%" />
              </conditions>
            </line>
            <line number="51" hits="1" branch="False" />
            <line number="53" hits="0" branch="True" condition-coverage="0% (0/2)">
              <conditions>
                <condition number="103" type="jump" coverage="0%" />
              </conditions>
            </line>
            <line number="54" hits="0" branch="False" />
            <line number="56" hits="0" branch="True" condition-coverage="0% (0/2)">
              <conditions>
                <condition number="158" type="jump" coverage="0%" />
              </conditions>
            </line>
            <line number="57" hits="0" branch="False" />
            <line number="58" hits="0" branch="False" />
            <line number="59" hits="0" branch="True" condition-coverage="0% (0/2)">
              <conditions>
                <condition number="241" type="jump" coverage="0%" />
              </conditions>
            </line>
            <line number="60" hits="0" branch="False" />
            <line number="61" hits="0" branch="False" />
            <line number="62" hits="0" branch="False" />
            <line number="63" hits="0" branch="False" />
            <line number="65" hits="0" branch="True" condition-coverage="0% (0/2)">
              <conditions>
                <condition number="390" type="jump" coverage="0%" />
              </conditions>
            </line>
            <line number="66" hits="0" branch="False" />
            <line number="67" hits="0" branch="False" />
            <line number="69" hits="0" branch="False" />
            <line number="70" hits="0" branch="False" />
            <line number="71" hits="0" branch="False" />
            <line number="74" hits="0" branch="False" />
            <line number="77" hits="0" branch="False" />
            <line number="78" hits="1" branch="False" />
          </lines>
        </class>
        <class name="AudioInterviewer.API.Services.InterviewService/&lt;GetReportByIdAsync&gt;d__15" filename="Services\InterviewService.cs" line-rate="0" branch-rate="0" complexity="2">
          <methods>
            <method name="MoveNext" signature="()" line-rate="0" branch-rate="0" complexity="2">
              <lines>
                <line number="182" hits="0" branch="False" />
                <line number="183" hits="0" branch="True" condition-coverage="0% (0/2)">
                  <conditions>
                    <condition number="40" type="jump" coverage="0%" />
                  </conditions>
                </line>
                <line number="184" hits="0" branch="False" />
                <line number="186" hits="0" branch="False" />
                <line number="187" hits="0" branch="False" />
                <line number="188" hits="0" branch="False" />
              </lines>
            </method>
          </methods>
          <lines>
            <line number="182" hits="0" branch="False" />
            <line number="183" hits="0" branch="True" condition-coverage="0% (0/2)">
              <conditions>
                <condition number="40" type="jump" coverage="0%" />
              </conditions>
            </line>
            <line number="184" hits="0" branch="False" />
            <line number="186" hits="0" branch="False" />
            <line number="187" hits="0" branch="False" />
            <line number="188" hits="0" branch="False" />
          </lines>
        </class>
        <class name="AudioInterviewer.API.Services.InterviewService/&lt;GetReportsByEmailAsync&gt;d__14" filename="Services\InterviewService.cs" line-rate="0" branch-rate="1" complexity="1">
          <methods>
            <method name="MoveNext" signature="()" line-rate="0" branch-rate="1" complexity="1">
              <lines>
                <line number="175" hits="0" branch="False" />
                <line number="176" hits="0" branch="False" />
                <line number="177" hits="0" branch="False" />
                <line number="178" hits="0" branch="False" />
              </lines>
            </method>
          </methods>
          <lines>
            <line number="175" hits="0" branch="False" />
            <line number="176" hits="0" branch="False" />
            <line number="177" hits="0" branch="False" />
            <line number="178" hits="0" branch="False" />
          </lines>
        </class>
        <class name="AudioInterviewer.API.Services.InterviewService/&lt;InitializeSessionAsync&gt;d__6" filename="Services\InterviewService.cs" line-rate="1" branch-rate="1" complexity="1">
          <methods>
            <method name="MoveNext" signature="()" line-rate="1" branch-rate="1" complexity="1">
              <lines>
                <line number="30" hits="3" branch="False" />
                <line number="31" hits="3" branch="False" />
                <line number="33" hits="3" branch="False" />
                <line number="34" hits="3" branch="False" />
                <line number="35" hits="3" branch="False" />
                <line number="36" hits="3" branch="False" />
                <line number="37" hits="3" branch="False" />
                <line number="38" hits="3" branch="False" />
                <line number="39" hits="3" branch="False" />
                <line number="40" hits="3" branch="False" />
                <line number="41" hits="3" branch="False" />
                <line number="42" hits="3" branch="False" />
                <line number="43" hits="3" branch="False" />
                <line number="45" hits="3" branch="False" />
                <line number="46" hits="3" branch="False" />
              </lines>
            </method>
          </methods>
          <lines>
            <line number="30" hits="3" branch="False" />
            <line number="31" hits="3" branch="False" />
            <line number="33" hits="3" branch="False" />
            <line number="34" hits="3" branch="False" />
            <line number="35" hits="3" branch="False" />
            <line number="36" hits="3" branch="False" />
            <line number="37" hits="3" branch="False" />
            <line number="38" hits="3" branch="False" />
            <line number="39" hits="3" branch="False" />
            <line number="40" hits="3" branch="False" />
            <line number="41" hits="3" branch="False" />
            <line number="42" hits="3" branch="False" />
            <line number="43" hits="3" branch="False" />
            <line number="45" hits="3" branch="False" />
            <line number="46" hits="3" branch="False" />
          </lines>
        </class>
        <class name="AudioInterviewer.API.Services.External.FastApiClient" filename="Services\External\FastApiClient.cs" line-rate="0" branch-rate="1" complexity="1">
          <methods>
            <method name=".ctor" signature="(System.Net.Http.HttpClient)" line-rate="0" branch-rate="1" complexity="1">
              <lines>
                <line number="15" hits="0" branch="False" />
                <line number="16" hits="0" branch="False" />
                <line number="17" hits="0" branch="False" />
                <line number="18" hits="0" branch="False" />
              </lines>
            </method>
          </methods>
          <lines>
            <line number="15" hits="0" branch="False" />
            <line number="16" hits="0" branch="False" />
            <line number="17" hits="0" branch="False" />
            <line number="18" hits="0" branch="False" />
          </lines>
        </class>
        <class name="AudioInterviewer.API.Services.External.FastApiClient/GenerateResponse" filename="Services\External\FastApiClient.cs" line-rate="0" branch-rate="1" complexity="1">
          <methods>
            <method name="get_Questions" signature="()" line-rate="0" branch-rate="1" complexity="1">
              <lines>
                <line number="79" hits="0" branch="False" />
              </lines>
            </method>
          </methods>
          <lines>
            <line number="79" hits="0" branch="False" />
          </lines>
        </class>
        <class name="AudioInterviewer.API.Services.External.FastApiClient/NextQuestionResponse" filename="Services\External\FastApiClient.cs" line-rate="0" branch-rate="1" complexity="1">
          <methods>
            <method name="get_NextQuestion" signature="()" line-rate="0" branch-rate="1" complexity="1">
              <lines>
                <line number="85" hits="0" branch="False" />
              </lines>
            </method>
          </methods>
          <lines>
            <line number="85" hits="0" branch="False" />
          </lines>
        </class>
        <class name="AudioInterviewer.API.Services.External.FastApiClient/&lt;GetFirstQuestionAsync&gt;d__3" filename="Services\External\FastApiClient.cs" line-rate="0" branch-rate="0" complexity="8">
          <methods>
            <method name="MoveNext" signature="()" line-rate="0" branch-rate="0" complexity="8">
              <lines>
                <line number="21" hits="0" branch="False" />
                <line number="22" hits="0" branch="False" />
                <line number="23" hits="0" branch="False" />
                <line number="25" hits="0" branch="False" />
                <line number="26" hits="0" branch="False" />
                <line number="28" hits="0" branch="True" condition-coverage="0% (0/2)">
                  <conditions>
                    <condition number="369" type="jump" coverage="0%" />
                  </conditions>
                </line>
                <line number="29" hits="0" branch="False" />
                <line number="30" hits="0" branch="False" />
                <line number="31" hits="0" branch="False" />
                <line number="35" hits="0" branch="False" />
                <line number="36" hits="0" branch="False" />
                <line number="37" hits="0" branch="True" condition-coverage="0% (0/6)">
                  <conditions>
                    <condition number="477" type="jump" coverage="0%" />
                    <condition number="489" type="jump" coverage="0%" />
                    <condition number="501" type="jump" coverage="0%" />
                  </conditions>
                </line>
                <line number="39" hits="0" branch="False" />
                <line number="40" hits="0" branch="False" />
                <line number="41" hits="0" branch="False" />
                <line number="42" hits="0" branch="False" />
                <line number="44" hits="0" branch="False" />
              </lines>
            </method>
          </methods>
          <lines>
            <line number="21" hits="0" branch="False" />
            <line number="22" hits="0" branch="False" />
            <line number="23" hits="0" branch="False" />
            <line number="25" hits="0" branch="False" />
            <line number="26" hits="0" branch="False" />
            <line number="28" hits="0" branch="True" condition-coverage="0% (0/2)">
              <conditions>
                <condition number="369" type="jump" coverage="0%" />
              </conditions>
            </line>
            <line number="29" hits="0" branch="False" />
            <line number="30" hits="0" branch="False" />
            <line number="31" hits="0" branch="False" />
            <line number="35" hits="0" branch="False" />
            <line number="36" hits="0" branch="False" />
            <line number="37" hits="0" branch="True" condition-coverage="0% (0/6)">
              <conditions>
                <condition number="477" type="jump" coverage="0%" />
                <condition number="489" type="jump" coverage="0%" />
                <condition number="501" type="jump" coverage="0%" />
              </conditions>
            </line>
            <line number="39" hits="0" branch="False" />
            <line number="40" hits="0" branch="False" />
            <line number="41" hits="0" branch="False" />
            <line number="42" hits="0" branch="False" />
            <line number="44" hits="0" branch="False" />
          </lines>
        </class>
        <class name="AudioInterviewer.API.Services.External.FastApiClient/&lt;GetNextQuestionAsync&gt;d__4" filename="Services\External\FastApiClient.cs" line-rate="0" branch-rate="0" complexity="6">
          <methods>
            <method name="MoveNext" signature="()" line-rate="0" branch-rate="0" complexity="6">
              <lines>
                <line number="47" hits="0" branch="False" />
                <line number="48" hits="0" branch="False" />
                <line number="49" hits="0" branch="False" />
                <line number="50" hits="0" branch="False" />
                <line number="51" hits="0" branch="False" />
                <line number="52" hits="0" branch="False" />
                <line number="53" hits="0" branch="False" />
                <line number="55" hits="0" branch="False" />
                <line number="56" hits="0" branch="False" />
                <line number="57" hits="0" branch="False" />
                <line number="59" hits="0" branch="True" condition-coverage="0% (0/2)">
                  <conditions>
                    <condition number="381" type="jump" coverage="0%" />
                  </conditions>
                </line>
                <line number="60" hits="0" branch="False" />
                <line number="61" hits="0" branch="False" />
                <line number="62" hits="0" branch="False" />
                <line number="66" hits="0" branch="False" />
                <line number="67" hits="0" branch="False" />
                <line number="68" hits="0" branch="True" condition-coverage="0% (0/4)">
                  <conditions>
                    <condition number="489" type="jump" coverage="0%" />
                    <condition number="501" type="jump" coverage="0%" />
                  </conditions>
                </line>
                <line number="70" hits="0" branch="False" />
                <line number="71" hits="0" branch="False" />
                <line number="72" hits="0" branch="False" />
                <line number="73" hits="0" branch="False" />
                <line number="75" hits="0" branch="False" />
              </lines>
            </method>
          </methods>
          <lines>
            <line number="47" hits="0" branch="False" />
            <line number="48" hits="0" branch="False" />
            <line number="49" hits="0" branch="False" />
            <line number="50" hits="0" branch="False" />
            <line number="51" hits="0" branch="False" />
            <line number="52" hits="0" branch="False" />
            <line number="53" hits="0" branch="False" />
            <line number="55" hits="0" branch="False" />
            <line number="56" hits="0" branch="False" />
            <line number="57" hits="0" branch="False" />
            <line number="59" hits="0" branch="True" condition-coverage="0% (0/2)">
              <conditions>
                <condition number="381" type="jump" coverage="0%" />
              </conditions>
            </line>
            <line number="60" hits="0" branch="False" />
            <line number="61" hits="0" branch="False" />
            <line number="62" hits="0" branch="False" />
            <line number="66" hits="0" branch="False" />
            <line number="67" hits="0" branch="False" />
            <line number="68" hits="0" branch="True" condition-coverage="0% (0/4)">
              <conditions>
                <condition number="489" type="jump" coverage="0%" />
                <condition number="501" type="jump" coverage="0%" />
              </conditions>
            </line>
            <line number="70" hits="0" branch="False" />
            <line number="71" hits="0" branch="False" />
            <line number="72" hits="0" branch="False" />
            <line number="73" hits="0" branch="False" />
            <line number="75" hits="0" branch="False" />
          </lines>
        </class>
        <class name="AudioInterviewer.API.Models.Answer" filename="Models\Answer.cs" line-rate="1" branch-rate="1" complexity="3">
          <methods>
            <method name="get_Question" signature="()" line-rate="1" branch-rate="1" complexity="1">
              <lines>
                <line number="8" hits="3" branch="False" />
              </lines>
            </method>
            <method name="get_AudioUrl" signature="()" line-rate="1" branch-rate="1" complexity="1">
              <lines>
                <line number="9" hits="3" branch="False" />
              </lines>
            </method>
            <method name="get_Transcript" signature="()" line-rate="1" branch-rate="1" complexity="1">
              <lines>
                <line number="10" hits="3" branch="False" />
              </lines>
            </method>
          </methods>
          <lines>
            <line number="8" hits="3" branch="False" />
            <line number="9" hits="3" branch="False" />
            <line number="10" hits="3" branch="False" />
          </lines>
        </class>
        <class name="AudioInterviewer.API.Models.AnswerDto" filename="Models\AnswerDto.cs" line-rate="1" branch-rate="1" complexity="3">
          <methods>
            <method name="get_Question" signature="()" line-rate="1" branch-rate="1" complexity="1">
              <lines>
                <line number="8" hits="5" branch="False" />
              </lines>
            </method>
            <method name="get_AudioBase64" signature="()" line-rate="1" branch-rate="1" complexity="1">
              <lines>
                <line number="12" hits="5" branch="False" />
              </lines>
            </method>
            <method name="get_Transcript" signature="()" line-rate="1" branch-rate="1" complexity="1">
              <lines>
                <line number="17" hits="5" branch="False" />
              </lines>
            </method>
          </methods>
          <lines>
            <line number="8" hits="5" branch="False" />
            <line number="12" hits="5" branch="False" />
            <line number="17" hits="5" branch="False" />
          </lines>
        </class>
        <class name="AudioInterviewer.API.Models.InterviewReport" filename="Models\InterviewReport.cs" line-rate="1" branch-rate="1" complexity="8">
          <methods>
            <method name="get_Id" signature="()" line-rate="1" branch-rate="1" complexity="1">
              <lines>
                <line number="15" hits="4" branch="False" />
              </lines>
            </method>
            <method name="get_Email" signature="()" line-rate="1" branch-rate="1" complexity="1">
              <lines>
                <line number="17" hits="8" branch="False" />
              </lines>
            </method>
            <method name="get_JobDescription" signature="()" line-rate="1" branch-rate="1" complexity="1">
              <lines>
                <line number="18" hits="5" branch="False" />
              </lines>
            </method>
            <method name="get_CandidateFitScore" signature="()" line-rate="1" branch-rate="1" complexity="1">
              <lines>
                <line number="19" hits="1" branch="False" />
              </lines>
            </method>
            <method name="get_Strengths" signature="()" line-rate="1" branch-rate="1" complexity="1">
              <lines>
                <line number="20" hits="5" branch="False" />
              </lines>
            </method>
            <method name="get_ImprovementAreas" signature="()" line-rate="1" branch-rate="1" complexity="1">
              <lines>
                <line number="21" hits="5" branch="False" />
              </lines>
            </method>
            <method name="get_SuggestedFollowUp" signature="()" line-rate="1" branch-rate="1" complexity="1">
              <lines>
                <line number="22" hits="5" branch="False" />
              </lines>
            </method>
            <method name="get_Answers" signature="()" line-rate="1" branch-rate="1" complexity="1">
              <lines>
                <line number="23" hits="5" branch="False" />
              </lines>
            </method>
          </methods>
          <lines>
            <line number="15" hits="4" branch="False" />
            <line number="17" hits="8" branch="False" />
            <line number="18" hits="5" branch="False" />
            <line number="19" hits="1" branch="False" />
            <line number="20" hits="5" branch="False" />
            <line number="21" hits="5" branch="False" />
            <line number="22" hits="5" branch="False" />
            <line number="23" hits="5" branch="False" />
          </lines>
        </class>
        <class name="AudioInterviewer.API.Models.InterviewSession" filename="Models\InterviewSession.cs" line-rate="1" branch-rate="1" complexity="6">
          <methods>
            <method name="get_Id" signature="()" line-rate="1" branch-rate="1" complexity="1">
              <lines>
                <line number="14" hits="20" branch="False" />
              </lines>
            </method>
            <method name="get_Email" signature="()" line-rate="1" branch-rate="1" complexity="1">
              <lines>
                <line number="17" hits="19" branch="False" />
              </lines>
            </method>
            <method name="get_JobDescription" signature="()" line-rate="1" branch-rate="1" complexity="1">
              <lines>
                <line number="20" hits="20" branch="False" />
              </lines>
            </method>
            <method name="get_Questions" signature="()" line-rate="1" branch-rate="1" complexity="1">
              <lines>
                <line number="23" hits="22" branch="False" />
              </lines>
            </method>
            <method name="get_Answers" signature="()" line-rate="1" branch-rate="1" complexity="1">
              <lines>
                <line number="26" hits="21" branch="False" />
              </lines>
            </method>
            <method name="get_CurrentIndex" signature="()" line-rate="1" branch-rate="1" complexity="1">
              <lines>
                <line number="29" hits="24" branch="False" />
              </lines>
            </method>
          </methods>
          <lines>
            <line number="14" hits="20" branch="False" />
            <line number="17" hits="19" branch="False" />
            <line number="20" hits="20" branch="False" />
            <line number="23" hits="22" branch="False" />
            <line number="26" hits="21" branch="False" />
            <line number="29" hits="24" branch="False" />
          </lines>
        </class>
        <class name="AudioInterviewer.API.Models.Question" filename="Models\Question.cs" line-rate="1" branch-rate="1" complexity="1">
          <methods>
            <method name="get_Text" signature="()" line-rate="1" branch-rate="1" complexity="1">
              <lines>
                <line number="8" hits="15" branch="False" />
              </lines>
            </method>
          </methods>
          <lines>
            <line number="8" hits="15" branch="False" />
          </lines>
        </class>
        <class name="AudioInterviewer.API.Data.MongoDbContext" filename="Data\MongoDbContext.cs" line-rate="1" branch-rate="1" complexity="4">
          <methods>
            <method name="get_Sessions" signature="()" line-rate="1" branch-rate="1" complexity="1">
              <lines>
                <line number="27" hits="7" branch="False" />
              </lines>
            </method>
            <method name="get_Reports" signature="()" line-rate="1" branch-rate="1" complexity="1">
              <lines>
                <line number="28" hits="1" branch="False" />
              </lines>
            </method>
            <method name="get_GridFsBucket" signature="()" line-rate="1" branch-rate="1" complexity="1">
              <lines>
                <line number="31" hits="2" branch="False" />
              </lines>
            </method>
            <method name=".ctor" signature="(Microsoft.Extensions.Options.IOptions`1&lt;AudioInterviewer.API.Data.MongoDbSettings&gt;)" line-rate="1" branch-rate="1" complexity="1">
              <lines>
                <line number="12" hits="6" branch="False" />
                <line number="13" hits="6" branch="False" />
                <line number="14" hits="6" branch="False" />
                <line number="15" hits="6" branch="False" />
                <line number="18" hits="6" branch="False" />
                <line number="19" hits="6" branch="False" />
                <line number="20" hits="6" branch="False" />
                <line number="21" hits="6" branch="False" />
                <line number="22" hits="6" branch="False" />
                <line number="23" hits="6" branch="False" />
                <line number="24" hits="6" branch="False" />
                <line number="25" hits="6" branch="False" />
              </lines>
            </method>
          </methods>
          <lines>
            <line number="27" hits="7" branch="False" />
            <line number="28" hits="1" branch="False" />
            <line number="31" hits="2" branch="False" />
            <line number="12" hits="6" branch="False" />
            <line number="13" hits="6" branch="False" />
            <line number="14" hits="6" branch="False" />
            <line number="15" hits="6" branch="False" />
            <line number="18" hits="6" branch="False" />
            <line number="19" hits="6" branch="False" />
            <line number="20" hits="6" branch="False" />
            <line number="21" hits="6" branch="False" />
            <line number="22" hits="6" branch="False" />
            <line number="23" hits="6" branch="False" />
            <line number="24" hits="6" branch="False" />
            <line number="25" hits="6" branch="False" />
          </lines>
        </class>
        <class name="AudioInterviewer.API.Data.MongoDbSettings" filename="Data\MongoDbSettings.cs" line-rate="1" branch-rate="1" complexity="2">
          <methods>
            <method name="get_ConnectionString" signature="()" line-rate="1" branch-rate="1" complexity="1">
              <lines>
                <line number="5" hits="18" branch="False" />
              </lines>
            </method>
            <method name="get_DatabaseName" signature="()" line-rate="1" branch-rate="1" complexity="1">
              <lines>
                <line number="6" hits="18" branch="False" />
              </lines>
            </method>
          </methods>
          <lines>
            <line number="5" hits="18" branch="False" />
            <line number="6" hits="18" branch="False" />
          </lines>
        </class>
        <class name="AudioInterviewer.API.Controllers.AudioController" filename="Controllers\AudioController.cs" line-rate="0" branch-rate="1" complexity="1">
          <methods>
            <method name=".ctor" signature="(AudioInterviewer.API.Data.MongoDbContext)" line-rate="0" branch-rate="1" complexity="1">
              <lines>
                <line number="14" hits="0" branch="False" />
                <line number="15" hits="0" branch="False" />
                <line number="16" hits="0" branch="False" />
                <line number="17" hits="0" branch="False" />
              </lines>
            </method>
          </methods>
          <lines>
            <line number="14" hits="0" branch="False" />
            <line number="15" hits="0" branch="False" />
            <line number="16" hits="0" branch="False" />
            <line number="17" hits="0" branch="False" />
          </lines>
        </class>
        <class name="AudioInterviewer.API.Controllers.AudioController/&lt;GetAudio&gt;d__2" filename="Controllers\AudioController.cs" line-rate="0" branch-rate="1" complexity="1">
          <methods>
            <method name="MoveNext" signature="()" line-rate="0" branch-rate="1" complexity="1">
              <lines>
                <line number="21" hits="0" branch="False" />
                <line number="23" hits="0" branch="False" />
                <line number="24" hits="0" branch="False" />
                <line number="25" hits="0" branch="False" />
                <line number="26" hits="0" branch="False" />
                <line number="28" hits="0" branch="False" />
                <line number="29" hits="0" branch="False" />
                <line number="30" hits="0" branch="False" />
                <line number="32" hits="0" branch="False" />
                <line number="33" hits="0" branch="False" />
                <line number="34" hits="0" branch="False" />
                <line number="36" hits="0" branch="False" />
              </lines>
            </method>
          </methods>
          <lines>
            <line number="21" hits="0" branch="False" />
            <line number="23" hits="0" branch="False" />
            <line number="24" hits="0" branch="False" />
            <line number="25" hits="0" branch="False" />
            <line number="26" hits="0" branch="False" />
            <line number="28" hits="0" branch="False" />
            <line number="29" hits="0" branch="False" />
            <line number="30" hits="0" branch="False" />
            <line number="32" hits="0" branch="False" />
            <line number="33" hits="0" branch="False" />
            <line number="34" hits="0" branch="False" />
            <line number="36" hits="0" branch="False" />
          </lines>
        </class>
        <class name="AudioInterviewer.API.Controllers.InterviewController" filename="Controllers\InterviewController.cs" line-rate="0.9285" branch-rate="0.5" complexity="4">
          <methods>
            <method name="SubmitAnswer" signature="(AudioInterviewer.API.Models.AnswerDto)" line-rate="0.8332999999999999" branch-rate="0.5" complexity="2">
              <lines>
                <line number="57" hits="1" branch="False" />
                <line number="58" hits="1" branch="False" />
                <line number="59" hits="1" branch="True" condition-coverage="50% (1/2)">
                  <conditions>
                    <condition number="20" type="jump" coverage="50%" />
                  </conditions>
                </line>
                <line number="60" hits="0" branch="False" />
                <line number="62" hits="1" branch="False" />
                <line number="63" hits="1" branch="False" />
              </lines>
            </method>
            <method name="CompleteInterview" signature="()" line-rate="1" branch-rate="1" complexity="1">
              <lines>
                <line number="68" hits="1" branch="False" />
                <line number="69" hits="1" branch="False" />
                <line number="70" hits="1" branch="False" />
                <line number="71" hits="1" branch="False" />
              </lines>
            </method>
            <method name=".ctor" signature="(AudioInterviewer.API.Services.IInterviewService)" line-rate="1" branch-rate="1" complexity="1">
              <lines>
                <line number="14" hits="8" branch="False" />
                <line number="15" hits="8" branch="False" />
                <line number="16" hits="8" branch="False" />
                <line number="17" hits="8" branch="False" />
              </lines>
            </method>
          </methods>
          <lines>
            <line number="57" hits="1" branch="False" />
            <line number="58" hits="1" branch="False" />
            <line number="59" hits="1" branch="True" condition-coverage="50% (1/2)">
              <conditions>
                <condition number="20" type="jump" coverage="50%" />
              </conditions>
            </line>
            <line number="60" hits="0" branch="False" />
            <line number="62" hits="1" branch="False" />
            <line number="63" hits="1" branch="False" />
            <line number="68" hits="1" branch="False" />
            <line number="69" hits="1" branch="False" />
            <line number="70" hits="1" branch="False" />
            <line number="71" hits="1" branch="False" />
            <line number="14" hits="8" branch="False" />
            <line number="15" hits="8" branch="False" />
            <line number="16" hits="8" branch="False" />
            <line number="17" hits="8" branch="False" />
          </lines>
        </class>
        <class name="AudioInterviewer.API.Controllers.InterviewController/InitRequest" filename="Controllers\InterviewController.cs" line-rate="1" branch-rate="1" complexity="2">
          <methods>
            <method name="get_Email" signature="()" line-rate="1" branch-rate="1" complexity="1">
              <lines>
                <line number="21" hits="5" branch="False" />
              </lines>
            </method>
            <method name="get_JobDescription" signature="()" line-rate="1" branch-rate="1" complexity="1">
              <lines>
                <line number="22" hits="6" branch="False" />
              </lines>
            </method>
          </methods>
          <lines>
            <line number="21" hits="5" branch="False" />
            <line number="22" hits="6" branch="False" />
          </lines>
        </class>
        <class name="AudioInterviewer.API.Controllers.InterviewController/&lt;GetNextQuestion&gt;d__4" filename="Controllers\InterviewController.cs" line-rate="0.8332999999999999" branch-rate="0.5" complexity="2">
          <methods>
            <method name="MoveNext" signature="()" line-rate="0.8332999999999999" branch-rate="0.5" complexity="2">
              <lines>
                <line number="45" hits="1" branch="False" />
                <line number="46" hits="1" branch="False" />
                <line number="48" hits="1" branch="True" condition-coverage="50% (1/2)">
                  <conditions>
                    <condition number="160" type="jump" coverage="50%" />
                  </conditions>
                </line>
                <line number="49" hits="0" branch="False" />
                <line number="51" hits="1" branch="False" />
                <line number="52" hits="1" branch="False" />
              </lines>
            </method>
          </methods>
          <lines>
            <line number="45" hits="1" branch="False" />
            <line number="46" hits="1" branch="False" />
            <line number="48" hits="1" branch="True" condition-coverage="50% (1/2)">
              <conditions>
                <condition number="160" type="jump" coverage="50%" />
              </conditions>
            </line>
            <line number="49" hits="0" branch="False" />
            <line number="51" hits="1" branch="False" />
            <line number="52" hits="1" branch="False" />
          </lines>
        </class>
        <class name="AudioInterviewer.API.Controllers.InterviewController/&lt;GetReport&gt;d__7" filename="Controllers\InterviewController.cs" line-rate="1" branch-rate="1" complexity="1">
          <methods>
            <method name="MoveNext" signature="()" line-rate="1" branch-rate="1" complexity="1">
              <lines>
                <line number="76" hits="1" branch="False" />
                <line number="77" hits="1" branch="False" />
                <line number="78" hits="1" branch="False" />
                <line number="79" hits="1" branch="False" />
              </lines>
            </method>
          </methods>
          <lines>
            <line number="76" hits="1" branch="False" />
            <line number="77" hits="1" branch="False" />
            <line number="78" hits="1" branch="False" />
            <line number="79" hits="1" branch="False" />
          </lines>
        </class>
        <class name="AudioInterviewer.API.Controllers.InterviewController/&lt;GetReportById&gt;d__9" filename="Controllers\InterviewController.cs" line-rate="0.875" branch-rate="0.75" complexity="4">
          <methods>
            <method name="MoveNext" signature="()" line-rate="0.875" branch-rate="0.75" complexity="4">
              <lines>
                <line number="95" hits="2" branch="False" />
                <line number="96" hits="2" branch="True" condition-coverage="50% (1/2)">
                  <conditions>
                    <condition number="28" type="jump" coverage="50%" />
                  </conditions>
                </line>
                <line number="97" hits="0" branch="False" />
                <line number="99" hits="2" branch="False" />
                <line number="101" hits="2" branch="True" condition-coverage="100% (2/2)">
                  <conditions>
                    <condition number="202" type="jump" coverage="100%" />
                  </conditions>
                </line>
                <line number="102" hits="1" branch="False" />
                <line number="104" hits="1" branch="False" />
                <line number="105" hits="2" branch="False" />
              </lines>
            </method>
          </methods>
          <lines>
            <line number="95" hits="2" branch="False" />
            <line number="96" hits="2" branch="True" condition-coverage="50% (1/2)">
              <conditions>
                <condition number="28" type="jump" coverage="50%" />
              </conditions>
            </line>
            <line number="97" hits="0" branch="False" />
            <line number="99" hits="2" branch="False" />
            <line number="101" hits="2" branch="True" condition-coverage="100% (2/2)">
              <conditions>
                <condition number="202" type="jump" coverage="100%" />
              </conditions>
            </line>
            <line number="102" hits="1" branch="False" />
            <line number="104" hits="1" branch="False" />
            <line number="105" hits="2" branch="False" />
          </lines>
        </class>
        <class name="AudioInterviewer.API.Controllers.InterviewController/&lt;GetReportsByEmail&gt;d__8" filename="Controllers\InterviewController.cs" line-rate="0.8332999999999999" branch-rate="0.5" complexity="2">
          <methods>
            <method name="MoveNext" signature="()" line-rate="0.8332999999999999" branch-rate="0.5" complexity="2">
              <lines>
                <line number="84" hits="1" branch="False" />
                <line number="85" hits="1" branch="True" condition-coverage="50% (1/2)">
                  <conditions>
                    <condition number="28" type="jump" coverage="50%" />
                  </conditions>
                </line>
                <line number="86" hits="0" branch="False" />
                <line number="88" hits="1" branch="False" />
                <line number="89" hits="1" branch="False" />
                <line number="90" hits="1" branch="False" />
              </lines>
            </method>
          </methods>
          <lines>
            <line number="84" hits="1" branch="False" />
            <line number="85" hits="1" branch="True" condition-coverage="50% (1/2)">
              <conditions>
                <condition number="28" type="jump" coverage="50%" />
              </conditions>
            </line>
            <line number="86" hits="0" branch="False" />
            <line number="88" hits="1" branch="False" />
            <line number="89" hits="1" branch="False" />
            <line number="90" hits="1" branch="False" />
          </lines>
        </class>
        <class name="AudioInterviewer.API.Controllers.InterviewController/&lt;InitializeInterview&gt;d__3" filename="Controllers\InterviewController.cs" line-rate="1" branch-rate="0.5" complexity="4">
          <methods>
            <method name="MoveNext" signature="()" line-rate="1" branch-rate="0.5" complexity="4">
              <lines>
                <line number="28" hits="1" branch="False" />
                <line number="29" hits="1" branch="False" />
                <line number="30" hits="1" branch="False" />
                <line number="31" hits="1" branch="False" />
                <line number="32" hits="1" branch="False" />
                <line number="34" hits="1" branch="True" condition-coverage="50% (2/4)">
                  <conditions>
                    <condition number="187" type="jump" coverage="50%" />
                    <condition number="199" type="jump" coverage="50%" />
                  </conditions>
                </line>
                <line number="35" hits="1" branch="False" />
                <line number="36" hits="1" branch="False" />
                <line number="37" hits="1" branch="False" />
                <line number="38" hits="1" branch="False" />
                <line number="39" hits="1" branch="False" />
                <line number="40" hits="1" branch="False" />
              </lines>
            </method>
          </methods>
          <lines>
            <line number="28" hits="1" branch="False" />
            <line number="29" hits="1" branch="False" />
            <line number="30" hits="1" branch="False" />
            <line number="31" hits="1" branch="False" />
            <line number="32" hits="1" branch="False" />
            <line number="34" hits="1" branch="True" condition-coverage="50% (2/4)">
              <conditions>
                <condition number="187" type="jump" coverage="50%" />
                <condition number="199" type="jump" coverage="50%" />
              </conditions>
            </line>
            <line number="35" hits="1" branch="False" />
            <line number="36" hits="1" branch="False" />
            <line number="37" hits="1" branch="False" />
            <line number="38" hits="1" branch="False" />
            <line number="39" hits="1" branch="False" />
            <line number="40" hits="1" branch="False" />
          </lines>
        </class>
      </classes>
    </package>
  </packages>
</coverage>